Apr-24 12:58:29.238 [main] DEBUG nextflow.cli.Launcher - $> nextflow run timothy-barry/sceptre-pipeline -r main --sceptre_object_fp /Users/tib163/research_offsite/projects/sceptre3//nf_pipelines/gasp_cis/sceptre_object.rds --response_odm_fp /Users/tib163/research_offsite/external/gasperini-2019-v3/at-scale/processed/response.odm --grna_odm_fp /Users/tib163/research_offsite/external/gasperini-2019-v3/at-scale/processed/grna.odm --output_directory /Users/tib163/sceptre_outputs --grna_assignment_method mixture --pipeline_stop assign_grnas --pair_pod_size 10000
Apr-24 12:58:29.271 [main] INFO  nextflow.cli.CmdRun - N E X T F L O W  ~  version 23.10.1
Apr-24 12:58:29.278 [main] DEBUG nextflow.plugin.PluginsFacade - Setting up plugin manager > mode=prod; embedded=false; plugins-dir=/Users/tib163/.nextflow/plugins; core-plugins: nf-amazon@2.1.4,nf-azure@1.3.3,nf-cloudcache@0.3.0,nf-codecommit@0.1.5,nf-console@1.0.6,nf-ga4gh@1.1.0,nf-google@1.8.3,nf-tower@1.6.3,nf-wave@1.0.1
Apr-24 12:58:29.282 [main] INFO  o.pf4j.DefaultPluginStatusProvider - Enabled plugins: []
Apr-24 12:58:29.282 [main] INFO  o.pf4j.DefaultPluginStatusProvider - Disabled plugins: []
Apr-24 12:58:29.283 [main] INFO  org.pf4j.DefaultPluginManager - PF4J version 3.4.1 in 'deployment' mode
Apr-24 12:58:29.287 [main] INFO  org.pf4j.AbstractPluginManager - No plugins
Apr-24 12:58:29.293 [main] DEBUG nextflow.scm.ProviderConfig - Using SCM config path: /Users/tib163/.nextflow/scm
Apr-24 12:58:29.298 [main] DEBUG nextflow.scm.AssetManager - Project manifest does not exist: /Users/tib163/.nextflow/assets/timothy-barry/sceptre-pipeline/nextflow.config (No such file or directory)
Apr-24 12:58:29.300 [main] DEBUG nextflow.scm.AssetManager - Git config: /Users/tib163/.nextflow/assets/timothy-barry/sceptre-pipeline/.git/config; branch: master; remote: origin; url: https://github.com/timothy-barry/sceptre-pipeline.git
Apr-24 12:58:29.314 [main] DEBUG nextflow.scm.RepositoryFactory - Found Git repository result: [RepositoryFactory]
Apr-24 12:58:29.317 [main] DEBUG nextflow.scm.AssetManager - Git config: /Users/tib163/.nextflow/assets/timothy-barry/sceptre-pipeline/.git/config; branch: master; remote: origin; url: https://github.com/timothy-barry/sceptre-pipeline.git
Apr-24 12:58:30.855 [main] DEBUG nextflow.config.ConfigBuilder - Found config home: /Users/tib163/.nextflow/config
Apr-24 12:58:30.856 [main] DEBUG nextflow.config.ConfigBuilder - Parsing config file: /Users/tib163/.nextflow/config
Apr-24 12:58:30.868 [main] DEBUG nextflow.config.ConfigBuilder - Applying config profile: `standard`
Apr-24 12:58:31.058 [main] DEBUG nextflow.cli.CmdRun - Applied DSL=2 from script declararion
Apr-24 12:58:31.059 [main] INFO  nextflow.cli.CmdRun - Launching `https://github.com/timothy-barry/sceptre-pipeline` [spontaneous_gautier] DSL2 - revision: 76a60378f3 [main]
Apr-24 12:58:31.059 [main] DEBUG nextflow.plugin.PluginsFacade - Plugins default=[]
Apr-24 12:58:31.059 [main] DEBUG nextflow.plugin.PluginsFacade - Plugins resolved requirement=[]
Apr-24 12:58:31.060 [main] DEBUG n.secret.LocalSecretsProvider - Secrets store: /Users/tib163/.nextflow/secrets/store.json
Apr-24 12:58:31.061 [main] DEBUG nextflow.secret.SecretsLoader - Discovered secrets providers: [nextflow.secret.LocalSecretsProvider@44114b9f] - activable => nextflow.secret.LocalSecretsProvider@44114b9f
Apr-24 12:58:31.084 [main] DEBUG nextflow.Session - Session UUID: 208ccec0-600d-4af7-af1b-0c69d2d64fb2
Apr-24 12:58:31.084 [main] DEBUG nextflow.Session - Run name: spontaneous_gautier
Apr-24 12:58:31.084 [main] DEBUG nextflow.Session - Executor pool size: 12
Apr-24 12:58:31.087 [main] DEBUG nextflow.file.FilePorter - File porter settings maxRetries=3; maxTransfers=50; pollTimeout=null
Apr-24 12:58:31.088 [main] DEBUG nextflow.util.ThreadPoolBuilder - Creating thread pool 'FileTransfer' minSize=10; maxSize=36; workQueue=LinkedBlockingQueue[10000]; allowCoreThreadTimeout=false
Apr-24 12:58:31.099 [main] DEBUG nextflow.cli.CmdRun - 
  Version: 23.10.1 build 5891
  Created: 12-01-2024 22:01 UTC (17:01 EDT)
  System: Mac OS X 14.3.1
  Runtime: Groovy 3.0.19 on OpenJDK 64-Bit Server VM 17.0.6+10-LTS
  Encoding: UTF-8 (UTF-8)
  Process: 4270@HSPH-RK6XJYX9DT [10.0.0.16]
  CPUs: 12 - Mem: 18 GB (2.8 GB) - Swap: 3 GB (1.4 GB)
Apr-24 12:58:31.106 [main] DEBUG nextflow.Session - Work-dir: /Users/tib163/research_offsite/work [Mac OS X]
Apr-24 12:58:31.114 [main] DEBUG nextflow.executor.ExecutorFactory - Extension executors providers=[]
Apr-24 12:58:31.119 [main] DEBUG nextflow.Session - Observer factory: DefaultObserverFactory
Apr-24 12:58:31.135 [main] DEBUG nextflow.cache.CacheFactory - Using Nextflow cache factory: nextflow.cache.DefaultCacheFactory
Apr-24 12:58:31.139 [main] DEBUG nextflow.util.CustomThreadPool - Creating default thread pool > poolSize: 13; maxThreads: 1000
Apr-24 12:58:31.165 [main] DEBUG nextflow.Session - Session start
Apr-24 12:58:31.690 [main] DEBUG nextflow.script.ScriptRunner - > Launching execution
Apr-24 12:58:31.813 [main] DEBUG nextflow.executor.ExecutorFactory - << taskConfig executor: null
Apr-24 12:58:31.813 [main] DEBUG nextflow.executor.ExecutorFactory - >> processorType: 'local'
Apr-24 12:58:31.815 [main] DEBUG nextflow.executor.Executor - [warm up] executor > local
Apr-24 12:58:31.817 [main] DEBUG n.processor.LocalPollingMonitor - Creating local task monitor for executor 'local' > cpus=12; memory=18 GB; capacity=12; pollInterval=100ms; dumpInterval=5m
Apr-24 12:58:31.818 [main] DEBUG n.processor.TaskPollingMonitor - >>> barrier register (monitor: local)
Apr-24 12:58:31.846 [main] DEBUG nextflow.executor.ExecutorFactory - << taskConfig executor: null
Apr-24 12:58:31.846 [main] DEBUG nextflow.executor.ExecutorFactory - >> processorType: 'local'
Apr-24 12:58:31.861 [main] DEBUG nextflow.executor.ExecutorFactory - << taskConfig executor: null
Apr-24 12:58:31.861 [main] DEBUG nextflow.executor.ExecutorFactory - >> processorType: 'local'
Apr-24 12:58:31.864 [main] DEBUG nextflow.executor.ExecutorFactory - << taskConfig executor: null
Apr-24 12:58:31.864 [main] DEBUG nextflow.executor.ExecutorFactory - >> processorType: 'local'
Apr-24 12:58:31.872 [main] DEBUG nextflow.executor.ExecutorFactory - << taskConfig executor: null
Apr-24 12:58:31.872 [main] DEBUG nextflow.executor.ExecutorFactory - >> processorType: 'local'
Apr-24 12:58:31.874 [main] DEBUG nextflow.Session - Workflow process names [dsl2]: dummy_process, dummy_assign_grnas, run_qc, combine_assign_grnas, prepare_association_analysis_trans, set_analysis_parameters, run_association_analysis, prepare_association_analysis, run_qc_trans, assign_grnas, prepare_assign_grnas, combine_association_analysis, run_discovery_analysis_trans
Apr-24 12:58:31.874 [main] DEBUG nextflow.Session - Igniting dataflow network (18)
Apr-24 12:58:31.876 [main] DEBUG nextflow.processor.TaskProcessor - Starting process > set_analysis_parameters
Apr-24 12:58:31.876 [main] DEBUG nextflow.processor.TaskProcessor - Starting process > prepare_assign_grnas
Apr-24 12:58:31.877 [main] DEBUG nextflow.processor.TaskProcessor - Starting process > assign_grnas
Apr-24 12:58:31.877 [main] DEBUG nextflow.processor.TaskProcessor - Starting process > dummy_assign_grnas
Apr-24 12:58:31.877 [main] DEBUG nextflow.processor.TaskProcessor - Starting process > combine_assign_grnas
Apr-24 12:58:31.877 [main] DEBUG nextflow.script.ScriptRunner - Parsed script files:
  Script_25db73f4e4ead892: /Users/tib163/.nextflow/assets/timothy-barry/sceptre-pipeline/main.nf
  Script_f52985d7cd6a3cfb: /Users/tib163/.nextflow/assets/timothy-barry/sceptre-pipeline/./run_analysis_subworkflow.nf
Apr-24 12:58:31.877 [main] DEBUG nextflow.script.ScriptRunner - > Awaiting termination 
Apr-24 12:58:31.877 [main] DEBUG nextflow.Session - Session await
Apr-24 12:58:31.923 [Actor Thread 8] DEBUG nextflow.util.CacheHelper - Hash asset file sha-256: /Users/tib163/.nextflow/assets/timothy-barry/sceptre-pipeline/resources/placeholder_file.rds
Apr-24 12:58:31.925 [Actor Thread 8] DEBUG nextflow.util.CacheHelper - Hash asset file sha-256: /Users/tib163/.nextflow/assets/timothy-barry/sceptre-pipeline/bin/set_analysis_parameters.R
Apr-24 12:58:31.946 [Task submitter] DEBUG n.executor.local.LocalTaskHandler - Launch cmd line: /bin/bash -ue .command.run
Apr-24 12:58:31.946 [Task submitter] INFO  nextflow.Session - [cd/4de671] Submitted process > set_analysis_parameters (1)
Apr-24 12:58:35.906 [Task monitor] DEBUG n.processor.TaskPollingMonitor - Task completed > TaskHandler[id: 1; name: set_analysis_parameters (1); status: COMPLETED; exit: 0; error: -; workDir: /Users/tib163/research_offsite/work/cd/4de671bf03af6f848d1b608030bece]
Apr-24 12:58:35.916 [Task monitor] DEBUG nextflow.util.ThreadPoolBuilder - Creating thread pool 'PublishDir' minSize=10; maxSize=36; workQueue=LinkedBlockingQueue[10000]; allowCoreThreadTimeout=false
Apr-24 12:58:35.917 [Actor Thread 6] DEBUG nextflow.util.CacheHelper - Hash asset file sha-256: /Users/tib163/.nextflow/assets/timothy-barry/sceptre-pipeline/bin/output_grna_info.R
Apr-24 12:58:35.921 [Task submitter] DEBUG n.executor.local.LocalTaskHandler - Launch cmd line: /bin/bash -ue .command.run
Apr-24 12:58:35.921 [Task submitter] INFO  nextflow.Session - [99/b7e739] Submitted process > prepare_assign_grnas (1)
Apr-24 12:58:37.030 [Task monitor] DEBUG n.processor.TaskPollingMonitor - Task completed > TaskHandler[id: 2; name: prepare_assign_grnas (1); status: COMPLETED; exit: 0; error: -; workDir: /Users/tib163/research_offsite/work/99/b7e739609963554e08a9ac09cb4b9f]
Apr-24 12:58:37.048 [Actor Thread 1] DEBUG nextflow.util.CacheHelper - Hash asset file sha-256: /Users/tib163/.nextflow/assets/timothy-barry/sceptre-pipeline/bin/assign_grnas.R
Apr-24 12:58:37.056 [Task submitter] DEBUG n.executor.local.LocalTaskHandler - Launch cmd line: /bin/bash -ue .command.run
Apr-24 12:58:37.056 [Task submitter] INFO  nextflow.Session - [eb/621701] Submitted process > assign_grnas (3)
Apr-24 12:58:37.071 [Task submitter] DEBUG n.executor.local.LocalTaskHandler - Launch cmd line: /bin/bash -ue .command.run
Apr-24 12:58:37.071 [Task submitter] INFO  nextflow.Session - [8a/69f4e7] Submitted process > assign_grnas (9)
Apr-24 12:58:37.097 [Task submitter] DEBUG n.executor.local.LocalTaskHandler - Launch cmd line: /bin/bash -ue .command.run
Apr-24 12:58:37.098 [Task submitter] INFO  nextflow.Session - [6c/c6b7e0] Submitted process > assign_grnas (11)
Apr-24 12:58:37.101 [Task submitter] DEBUG n.executor.local.LocalTaskHandler - Launch cmd line: /bin/bash -ue .command.run
Apr-24 12:58:37.101 [Task submitter] INFO  nextflow.Session - [8d/7ea80f] Submitted process > assign_grnas (5)
Apr-24 12:58:46.419 [SIGINT handler] DEBUG nextflow.Session - Session aborted -- Cause: SIGINT
Apr-24 12:58:46.433 [SIGINT handler] DEBUG nextflow.Session - The following nodes are still active:
[process] combine_assign_grnas
  status=ACTIVE
  port 0: (value) bound ; channel: sceptre_object_fp
  port 1: (value) bound ; channel: response_odm_fp
  port 2: (value) bound ; channel: grna_odm_fp
  port 3: (value) OPEN  ; channel: grna_assignment_formula
  port 4: (value) OPEN  ; channel: grna_assignments
  port 5: (cntrl) -     ; channel: $

Apr-24 12:58:46.434 [main] DEBUG nextflow.Session - Session await > all processes finished
Apr-24 12:58:46.434 [main] DEBUG nextflow.Session - Session await > all barriers passed
Apr-24 12:58:46.435 [Task monitor] DEBUG n.processor.TaskPollingMonitor - <<< barrier arrives (monitor: local) - terminating tasks monitor poll loop
Apr-24 12:58:46.438 [main] WARN  n.processor.TaskPollingMonitor - Killing running tasks (4)
Apr-24 12:58:46.492 [main] DEBUG n.executor.local.LocalTaskHandler - Unable to kill assign_grnas (5) -- command: kill -TERM 4418; exit: 1 
 bash: line 0: kill: (4418) - No such process

Apr-24 12:58:46.494 [main] DEBUG n.trace.WorkflowStatsObserver - Workflow completed > WorkflowStats[succeededCount=2; failedCount=0; ignoredCount=0; cachedCount=0; pendingCount=83; submittedCount=0; runningCount=0; retriesCount=0; abortedCount=4; succeedDuration=4.9s; failedDuration=0ms; cachedDuration=0ms;loadCpus=0; loadMemory=0; peakRunning=4; peakCpus=4; peakMemory=16 GB; ]
Apr-24 12:58:46.522 [main] DEBUG nextflow.cache.CacheDB - Closing CacheDB done
Apr-24 12:58:46.534 [main] DEBUG nextflow.script.ScriptRunner - > Execution complete -- Goodbye
